Determining if the pthread_create exist failed with the following output:
Change Dir: /media/sf_vm-share/c++/assignment8/build/CMakeFiles/CMakeTmp

Run Build Command:"/usr/bin/make" "cmTC_02ed8/fast"
/usr/bin/make -f CMakeFiles/cmTC_02ed8.dir/build.make CMakeFiles/cmTC_02ed8.dir/build
make[1]: Entering directory '/media/sf_vm-share/c++/assignment8/build/CMakeFiles/CMakeTmp'
Building C object CMakeFiles/cmTC_02ed8.dir/CheckSymbolExists.c.o
/usr/bin/cc    -o CMakeFiles/cmTC_02ed8.dir/CheckSymbolExists.c.o   -c /media/sf_vm-share/c++/assignment8/build/CMakeFiles/CMakeTmp/CheckSymbolExists.c
Linking C executable cmTC_02ed8
/usr/bin/cmake -E cmake_link_script CMakeFiles/cmTC_02ed8.dir/link.txt --verbose=1
/usr/bin/cc      -rdynamic CMakeFiles/cmTC_02ed8.dir/CheckSymbolExists.c.o  -o cmTC_02ed8 
CMakeFiles/cmTC_02ed8.dir/CheckSymbolExists.c.o: In function `main':
CheckSymbolExists.c:(.text+0x1b): undefined reference to `pthread_create'
collect2: error: ld returned 1 exit status
CMakeFiles/cmTC_02ed8.dir/build.make:97: recipe for target 'cmTC_02ed8' failed
make[1]: *** [cmTC_02ed8] Error 1
make[1]: Leaving directory '/media/sf_vm-share/c++/assignment8/build/CMakeFiles/CMakeTmp'
Makefile:126: recipe for target 'cmTC_02ed8/fast' failed
make: *** [cmTC_02ed8/fast] Error 2

File /media/sf_vm-share/c++/assignment8/build/CMakeFiles/CMakeTmp/CheckSymbolExists.c:
/* */
#include <pthread.h>

int main(int argc, char** argv)
{
  (void)argv;
#ifndef pthread_create
  return ((int*)(&pthread_create))[argc];
#else
  (void)argc;
  return 0;
#endif
}

Determining if the function pthread_create exists in the pthreads failed with the following output:
Change Dir: /media/sf_vm-share/c++/assignment8/build/CMakeFiles/CMakeTmp

Run Build Command:"/usr/bin/make" "cmTC_00ef7/fast"
/usr/bin/make -f CMakeFiles/cmTC_00ef7.dir/build.make CMakeFiles/cmTC_00ef7.dir/build
make[1]: Entering directory '/media/sf_vm-share/c++/assignment8/build/CMakeFiles/CMakeTmp'
Building C object CMakeFiles/cmTC_00ef7.dir/CheckFunctionExists.c.o
/usr/bin/cc   -DCHECK_FUNCTION_EXISTS=pthread_create   -o CMakeFiles/cmTC_00ef7.dir/CheckFunctionExists.c.o   -c /usr/share/cmake-3.10/Modules/CheckFunctionExists.c
Linking C executable cmTC_00ef7
/usr/bin/cmake -E cmake_link_script CMakeFiles/cmTC_00ef7.dir/link.txt --verbose=1
/usr/bin/cc  -DCHECK_FUNCTION_EXISTS=pthread_create    -rdynamic CMakeFiles/cmTC_00ef7.dir/CheckFunctionExists.c.o  -o cmTC_00ef7 -lpthreads 
/usr/bin/ld: cannot find -lpthreads
collect2: error: ld returned 1 exit status
CMakeFiles/cmTC_00ef7.dir/build.make:97: recipe for target 'cmTC_00ef7' failed
make[1]: *** [cmTC_00ef7] Error 1
make[1]: Leaving directory '/media/sf_vm-share/c++/assignment8/build/CMakeFiles/CMakeTmp'
Makefile:126: recipe for target 'cmTC_00ef7/fast' failed
make: *** [cmTC_00ef7/fast] Error 2


Determining if the function glXGetProcAddressEXT exists failed with the following output:
Change Dir: /media/sf_vm-share/c++/assignment8/build/CMakeFiles/CMakeTmp

Run Build Command:"/usr/bin/make" "cmTC_5e9a0/fast"
/usr/bin/make -f CMakeFiles/cmTC_5e9a0.dir/build.make CMakeFiles/cmTC_5e9a0.dir/build
make[1]: Entering directory '/media/sf_vm-share/c++/assignment8/build/CMakeFiles/CMakeTmp'
Building C object CMakeFiles/cmTC_5e9a0.dir/CheckFunctionExists.c.o
/usr/bin/cc   -DCHECK_FUNCTION_EXISTS=glXGetProcAddressEXT   -o CMakeFiles/cmTC_5e9a0.dir/CheckFunctionExists.c.o   -c /usr/share/cmake-3.10/Modules/CheckFunctionExists.c
Linking C executable cmTC_5e9a0
/usr/bin/cmake -E cmake_link_script CMakeFiles/cmTC_5e9a0.dir/link.txt --verbose=1
/usr/bin/cc  -DCHECK_FUNCTION_EXISTS=glXGetProcAddressEXT    -rdynamic CMakeFiles/cmTC_5e9a0.dir/CheckFunctionExists.c.o  -o cmTC_5e9a0 /usr/lib/x86_64-linux-gnu/libGL.so 
CMakeFiles/cmTC_5e9a0.dir/CheckFunctionExists.c.o: In function `main':
CheckFunctionExists.c:(.text+0x10): undefined reference to `glXGetProcAddressEXT'
collect2: error: ld returned 1 exit status
CMakeFiles/cmTC_5e9a0.dir/build.make:98: recipe for target 'cmTC_5e9a0' failed
make[1]: *** [cmTC_5e9a0] Error 1
make[1]: Leaving directory '/media/sf_vm-share/c++/assignment8/build/CMakeFiles/CMakeTmp'
Makefile:126: recipe for target 'cmTC_5e9a0/fast' failed
make: *** [cmTC_5e9a0/fast] Error 2


